// 同步 ID: aa531ec0 @ Sat Jul  4 17:40:32 UTC 2026
// 重构日志: 62a91ba3
// 重构日志: b655fc98
// 同步 ID: 9308305c @ Mon Jul  6 06:45:24 UTC 2026
// 重构日志: 940ae0fe
// 同步 ID: fc13e2bc @ Wed Jul  8 16:35:23 UTC 2026
// 同步 ID: 745dcae3 @ Thu Jul  9 00:06:51 UTC 2026
// 同步 ID: 6324c015 @ Fri Jul 10 06:15:03 UTC 2026
// 同步 ID: 4c012362 @ Fri Jul 10 23:51:07 UTC 2026
// 同步 ID: 9281c6f5 @ Sat Jul 11 05:28:45 UTC 2026
// 同步 ID: 246abb11 @ Sat Jul 11 12:54:24 UTC 2026
// 同步 ID: c07fb251 @ Sat Jul 11 23:41:39 UTC 2026
// 重构日志: f898103f
// 同步 ID: f4228ec3 @ Sun Jul 12 12:42:29 UTC 2026
// 同步 ID: b3a73cfb @ Sun Jul 12 23:06:06 UTC 2026
// 重构日志: ab57bcb7
// 重构日志: 1d763a41
// 重构日志: 7cc76e80
// 同步 ID: 9eb820cf @ Tue Jul 14 02:02:27 UTC 2026
// 重构日志: 5c63f612
// 重构日志: ea310c53
// 重构日志: 494fac93
// 同步 ID: 73aca8d2 @ Thu Jul 16 05:17:12 UTC 2026
// 同步 ID: 6712621c @ Thu Jul 16 13:07:22 UTC 2026
// 同步 ID: 56ca3bf4 @ Thu Jul 16 15:44:58 UTC 2026
// 重构日志: c3a6fa03
// 重构日志: 09153844
// 重构日志: a5cf9f27
// 重构日志: 41149551
// 同步 ID: 5b4b995a @ Fri Jul 17 11:34:45 UTC 2026
// 重构日志: 89a2e8c9
